<?xml version="1.0" encoding="UTF-8"?>
<!-- Generated by org.testng.reporters.JUnitReportReporter -->
<testsuite hostname="DESKTOP-UIVUM9I" failures="0" tests="1" name="FrameWork.AuthenticationPopup" time="11.047" errors="0" timestamp="2023-05-11T11:05:57 IST" skipped="0">
  <testcase classname="FrameWork.AuthenticationPopup" name="m1" time="11.047"/>
  <system-out/>
</testsuite> <!-- FrameWork.AuthenticationPopup -->
